<?xml version="1.0" encoding="UTF-8"?>
<testng-results skipped="0" failed="0" total="6" passed="6">
  <reporter-output>
  </reporter-output>
  <suite name="Default suite" duration-ms="27717" started-at="2019-06-20T18:28:32Z" finished-at="2019-06-20T18:29:00Z">
    <groups>
    </groups>
    <test name="Default test" duration-ms="27717" started-at="2019-06-20T18:28:32Z" finished-at="2019-06-20T18:29:00Z">
      <class name="tests.E2ETets">
        <test-method status="PASS" signature="setUP()[pri:0, instance:tests.E2ETets@2038ae61]" name="setUP" is-config="true" duration-ms="10524" started-at="2019-06-20T22:28:32Z" finished-at="2019-06-20T22:28:43Z">
          <reporter-output>
          </reporter-output>
        </test-method> <!-- setUP -->
        <test-method status="PASS" signature="checkCookieForm()[pri:1, instance:tests.E2ETets@2038ae61]" name="checkCookieForm" duration-ms="208" started-at="2019-06-20T22:28:43Z" description="Check cookie is displayed" finished-at="2019-06-20T22:28:43Z">
          <reporter-output>
          </reporter-output>
        </test-method> <!-- checkCookieForm -->
        <test-method status="PASS" signature="checkCookieFormText()[pri:2, instance:tests.E2ETets@2038ae61]" name="checkCookieFormText" duration-ms="164" started-at="2019-06-20T22:28:43Z" description="Check cookie message text" finished-at="2019-06-20T22:28:43Z">
          <reporter-output>
          </reporter-output>
        </test-method> <!-- checkCookieFormText -->
        <test-method status="PASS" signature="checkCookieFormButtons()[pri:3, instance:tests.E2ETets@2038ae61]" name="checkCookieFormButtons" duration-ms="915" started-at="2019-06-20T22:28:43Z" description="Check form buttons are displayed" finished-at="2019-06-20T22:28:44Z">
          <reporter-output>
          </reporter-output>
        </test-method> <!-- checkCookieFormButtons -->
        <test-method status="PASS" signature="acceptCookie()[pri:4, instance:tests.E2ETets@2038ae61]" name="acceptCookie" duration-ms="5280" started-at="2019-06-20T22:28:44Z" description="Check user can accept cookies" finished-at="2019-06-20T22:28:49Z">
          <reporter-output>
          </reporter-output>
        </test-method> <!-- acceptCookie -->
        <test-method status="PASS" signature="verifyFooterLinks()[pri:5, instance:tests.E2ETets@2038ae61]" name="verifyFooterLinks" duration-ms="5290" started-at="2019-06-20T22:28:49Z" description="Check footer links are not broken" finished-at="2019-06-20T22:28:55Z">
          <reporter-output>
          </reporter-output>
        </test-method> <!-- verifyFooterLinks -->
        <test-method status="PASS" signature="sendEmail()[pri:6, instance:tests.E2ETets@2038ae61]" name="sendEmail" duration-ms="4499" started-at="2019-06-20T22:28:55Z" description="Check user can send an email" finished-at="2019-06-20T22:28:59Z">
          <reporter-output>
          </reporter-output>
        </test-method> <!-- sendEmail -->
        <test-method status="PASS" signature="quit()[pri:0, instance:tests.E2ETets@2038ae61]" name="quit" is-config="true" duration-ms="797" started-at="2019-06-20T22:28:59Z" finished-at="2019-06-20T22:29:00Z">
          <reporter-output>
          </reporter-output>
        </test-method> <!-- quit -->
      </class> <!-- tests.E2ETets -->
    </test> <!-- Default test -->
  </suite> <!-- Default suite -->
</testng-results>
