<?xml version="1.0" encoding="UTF-8"?>
<!-- Generated by org.testng.reporters.JUnitXMLReporter -->
<testsuite hostname="Lilith-PC" name="Default test" tests="6" failures="0" timestamp="20 Jun 2019 18:29:00 GMT" time="27.717" errors="0">
  <testcase name="checkCookieForm" time="0.208" classname="tests.E2ETets"/>
  <testcase name="checkCookieFormText" time="0.164" classname="tests.E2ETets"/>
  <testcase name="checkCookieFormButtons" time="0.915" classname="tests.E2ETets"/>
  <testcase name="acceptCookie" time="5.28" classname="tests.E2ETets"/>
  <testcase name="verifyFooterLinks" time="5.29" classname="tests.E2ETets"/>
  <testcase name="sendEmail" time="4.499" classname="tests.E2ETets"/>
</testsuite> <!-- Default test -->
